[2021-08-08 17:09:19,048] {taskinstance.py:896} INFO - Dependencies all met for <TaskInstance: popula_bd.verifica_arquivo 2021-08-08T20:09:07.718246+00:00 [queued]>
[2021-08-08 17:09:19,050] {taskinstance.py:896} INFO - Dependencies all met for <TaskInstance: popula_bd.verifica_arquivo 2021-08-08T20:09:07.718246+00:00 [queued]>
[2021-08-08 17:09:19,050] {taskinstance.py:1087} INFO - 
--------------------------------------------------------------------------------
[2021-08-08 17:09:19,050] {taskinstance.py:1088} INFO - Starting attempt 1 of 2
[2021-08-08 17:09:19,050] {taskinstance.py:1089} INFO - 
--------------------------------------------------------------------------------
[2021-08-08 17:09:19,054] {taskinstance.py:1107} INFO - Executing <Task(PythonOperator): verifica_arquivo> on 2021-08-08T20:09:07.718246+00:00
[2021-08-08 17:09:19,055] {standard_task_runner.py:52} INFO - Started process 21945 to run task
[2021-08-08 17:09:19,057] {standard_task_runner.py:76} INFO - Running: ['airflow', 'tasks', 'run', 'popula_bd', 'verifica_arquivo', '2021-08-08T20:09:07.718246+00:00', '--job-id', '173', '--pool', 'default_pool', '--raw', '--subdir', 'DAGS_FOLDER/popula.py', '--cfg-path', '/tmp/tmpk7g7nx40', '--error-file', '/tmp/tmphx4vkwm2']
[2021-08-08 17:09:19,057] {standard_task_runner.py:77} INFO - Job 173: Subtask verifica_arquivo
[2021-08-08 17:09:19,067] {logging_mixin.py:104} INFO - Running <TaskInstance: popula_bd.verifica_arquivo 2021-08-08T20:09:07.718246+00:00 [running]> on host DESKTOP-BEFA8CP.localdomain
[2021-08-08 17:09:19,081] {taskinstance.py:1300} INFO - Exporting the following env vars:
AIRFLOW_CTX_DAG_EMAIL=vh15fleury@hotmail.com
AIRFLOW_CTX_DAG_OWNER=victor hugo
AIRFLOW_CTX_DAG_ID=popula_bd
AIRFLOW_CTX_TASK_ID=verifica_arquivo
AIRFLOW_CTX_EXECUTION_DATE=2021-08-08T20:09:07.718246+00:00
AIRFLOW_CTX_DAG_RUN_ID=scheduled__2021-08-08T20:09:07.718246+00:00
[2021-08-08 17:09:19,111] {taskinstance.py:1170} INFO - Marking task as SKIPPED. dag_id=popula_bd, task_id=verifica_arquivo, execution_date=20210808T200907, start_date=20210808T200919, end_date=
[2021-08-08 17:09:19,111] {taskinstance.py:1204} INFO - Marking task as SUCCESS. dag_id=popula_bd, task_id=verifica_arquivo, execution_date=20210808T200907, start_date=20210808T200919, end_date=20210808T200919
[2021-08-08 17:09:19,121] {taskinstance.py:1265} INFO - 0 downstream tasks scheduled from follow-on schedule check
[2021-08-08 17:09:19,148] {local_task_job.py:149} INFO - Task exited with return code 0
