[2021-08-06 20:58:04,581] {taskinstance.py:896} INFO - Dependencies all met for <TaskInstance: popula_bd.popula_adult 2021-08-06T23:57:52.304936+00:00 [queued]>
[2021-08-06 20:58:04,583] {taskinstance.py:896} INFO - Dependencies all met for <TaskInstance: popula_bd.popula_adult 2021-08-06T23:57:52.304936+00:00 [queued]>
[2021-08-06 20:58:04,583] {taskinstance.py:1087} INFO - 
--------------------------------------------------------------------------------
[2021-08-06 20:58:04,583] {taskinstance.py:1088} INFO - Starting attempt 1 of 1
[2021-08-06 20:58:04,583] {taskinstance.py:1089} INFO - 
--------------------------------------------------------------------------------
[2021-08-06 20:58:04,588] {taskinstance.py:1107} INFO - Executing <Task(PythonOperator): popula_adult> on 2021-08-06T23:57:52.304936+00:00
[2021-08-06 20:58:04,589] {standard_task_runner.py:52} INFO - Started process 10227 to run task
[2021-08-06 20:58:04,590] {standard_task_runner.py:76} INFO - Running: ['airflow', 'tasks', 'run', 'popula_bd', 'popula_adult', '2021-08-06T23:57:52.304936+00:00', '--job-id', '206', '--pool', 'default_pool', '--raw', '--subdir', 'DAGS_FOLDER/popula.py', '--cfg-path', '/tmp/tmph0wr9p5d', '--error-file', '/tmp/tmpnwg_68gi']
[2021-08-06 20:58:04,591] {standard_task_runner.py:77} INFO - Job 206: Subtask popula_adult
[2021-08-06 20:58:04,602] {logging_mixin.py:104} INFO - Running <TaskInstance: popula_bd.popula_adult 2021-08-06T23:57:52.304936+00:00 [running]> on host DESKTOP-BEFA8CP.localdomain
[2021-08-06 20:58:04,620] {taskinstance.py:1300} INFO - Exporting the following env vars:
AIRFLOW_CTX_DAG_EMAIL=vh15fleury@hotmail.com
AIRFLOW_CTX_DAG_OWNER=victor hugo
AIRFLOW_CTX_DAG_ID=popula_bd
AIRFLOW_CTX_TASK_ID=popula_adult
AIRFLOW_CTX_EXECUTION_DATE=2021-08-06T23:57:52.304936+00:00
AIRFLOW_CTX_DAG_RUN_ID=scheduled__2021-08-06T23:57:52.304936+00:00
[2021-08-06 20:58:04,760] {python.py:151} INFO - Done. Returned value was: None
[2021-08-06 20:58:04,762] {taskinstance.py:1204} INFO - Marking task as SUCCESS. dag_id=popula_bd, task_id=popula_adult, execution_date=20210806T235752, start_date=20210806T235804, end_date=20210806T235804
[2021-08-06 20:58:04,769] {taskinstance.py:1265} INFO - 0 downstream tasks scheduled from follow-on schedule check
[2021-08-06 20:58:04,802] {local_task_job.py:149} INFO - Task exited with return code 0
