[2021-08-08 16:57:47,580] {taskinstance.py:896} INFO - Dependencies all met for <TaskInstance: popula_bd.verifica_arquivo 2021-08-08T19:57:36.106773+00:00 [queued]>
[2021-08-08 16:57:47,582] {taskinstance.py:896} INFO - Dependencies all met for <TaskInstance: popula_bd.verifica_arquivo 2021-08-08T19:57:36.106773+00:00 [queued]>
[2021-08-08 16:57:47,582] {taskinstance.py:1087} INFO - 
--------------------------------------------------------------------------------
[2021-08-08 16:57:47,582] {taskinstance.py:1088} INFO - Starting attempt 1 of 2
[2021-08-08 16:57:47,582] {taskinstance.py:1089} INFO - 
--------------------------------------------------------------------------------
[2021-08-08 16:57:47,586] {taskinstance.py:1107} INFO - Executing <Task(PythonOperator): verifica_arquivo> on 2021-08-08T19:57:36.106773+00:00
[2021-08-08 16:57:47,588] {standard_task_runner.py:52} INFO - Started process 16070 to run task
[2021-08-08 16:57:47,589] {standard_task_runner.py:76} INFO - Running: ['airflow', 'tasks', 'run', 'popula_bd', 'verifica_arquivo', '2021-08-08T19:57:36.106773+00:00', '--job-id', '63', '--pool', 'default_pool', '--raw', '--subdir', 'DAGS_FOLDER/popula.py', '--cfg-path', '/tmp/tmp3tvp9p53', '--error-file', '/tmp/tmpl2b055w6']
[2021-08-08 16:57:47,590] {standard_task_runner.py:77} INFO - Job 63: Subtask verifica_arquivo
[2021-08-08 16:57:47,600] {logging_mixin.py:104} INFO - Running <TaskInstance: popula_bd.verifica_arquivo 2021-08-08T19:57:36.106773+00:00 [running]> on host DESKTOP-BEFA8CP.localdomain
[2021-08-08 16:57:47,614] {taskinstance.py:1300} INFO - Exporting the following env vars:
AIRFLOW_CTX_DAG_EMAIL=vh15fleury@hotmail.com
AIRFLOW_CTX_DAG_OWNER=victor hugo
AIRFLOW_CTX_DAG_ID=popula_bd
AIRFLOW_CTX_TASK_ID=verifica_arquivo
AIRFLOW_CTX_EXECUTION_DATE=2021-08-08T19:57:36.106773+00:00
AIRFLOW_CTX_DAG_RUN_ID=scheduled__2021-08-08T19:57:36.106773+00:00
[2021-08-08 16:57:47,655] {taskinstance.py:1170} INFO - Marking task as SKIPPED. dag_id=popula_bd, task_id=verifica_arquivo, execution_date=20210808T195736, start_date=20210808T195747, end_date=
[2021-08-08 16:57:47,656] {taskinstance.py:1204} INFO - Marking task as SUCCESS. dag_id=popula_bd, task_id=verifica_arquivo, execution_date=20210808T195736, start_date=20210808T195747, end_date=20210808T195747
[2021-08-08 16:57:47,666] {taskinstance.py:1265} INFO - 0 downstream tasks scheduled from follow-on schedule check
[2021-08-08 16:57:47,681] {local_task_job.py:149} INFO - Task exited with return code 0
