[2021-08-07 12:22:44,629] {taskinstance.py:896} INFO - Dependencies all met for <TaskInstance: popula_bd.popula_adult 2021-08-07T15:22:33.705556+00:00 [queued]>
[2021-08-07 12:22:44,631] {taskinstance.py:896} INFO - Dependencies all met for <TaskInstance: popula_bd.popula_adult 2021-08-07T15:22:33.705556+00:00 [queued]>
[2021-08-07 12:22:44,631] {taskinstance.py:1087} INFO - 
--------------------------------------------------------------------------------
[2021-08-07 12:22:44,631] {taskinstance.py:1088} INFO - Starting attempt 1 of 1
[2021-08-07 12:22:44,631] {taskinstance.py:1089} INFO - 
--------------------------------------------------------------------------------
[2021-08-07 12:22:44,635] {taskinstance.py:1107} INFO - Executing <Task(PythonOperator): popula_adult> on 2021-08-07T15:22:33.705556+00:00
[2021-08-07 12:22:44,637] {standard_task_runner.py:52} INFO - Started process 7932 to run task
[2021-08-07 12:22:44,638] {standard_task_runner.py:76} INFO - Running: ['airflow', 'tasks', 'run', 'popula_bd', 'popula_adult', '2021-08-07T15:22:33.705556+00:00', '--job-id', '1488', '--pool', 'default_pool', '--raw', '--subdir', 'DAGS_FOLDER/popula.py', '--cfg-path', '/tmp/tmpozjdlg60', '--error-file', '/tmp/tmp8ol9z6ji']
[2021-08-07 12:22:44,638] {standard_task_runner.py:77} INFO - Job 1488: Subtask popula_adult
[2021-08-07 12:22:44,648] {logging_mixin.py:104} INFO - Running <TaskInstance: popula_bd.popula_adult 2021-08-07T15:22:33.705556+00:00 [running]> on host DESKTOP-BEFA8CP.localdomain
[2021-08-07 12:22:44,663] {taskinstance.py:1300} INFO - Exporting the following env vars:
AIRFLOW_CTX_DAG_EMAIL=vh15fleury@hotmail.com
AIRFLOW_CTX_DAG_OWNER=victor hugo
AIRFLOW_CTX_DAG_ID=popula_bd
AIRFLOW_CTX_TASK_ID=popula_adult
AIRFLOW_CTX_EXECUTION_DATE=2021-08-07T15:22:33.705556+00:00
AIRFLOW_CTX_DAG_RUN_ID=scheduled__2021-08-07T15:22:33.705556+00:00
[2021-08-07 12:22:44,670] {python.py:151} INFO - Done. Returned value was: None
[2021-08-07 12:22:44,671] {taskinstance.py:1204} INFO - Marking task as SUCCESS. dag_id=popula_bd, task_id=popula_adult, execution_date=20210807T152233, start_date=20210807T152244, end_date=20210807T152244
[2021-08-07 12:22:44,677] {taskinstance.py:1265} INFO - 0 downstream tasks scheduled from follow-on schedule check
[2021-08-07 12:22:44,690] {local_task_job.py:149} INFO - Task exited with return code 0
