[2021-08-06 21:55:44,660] {taskinstance.py:896} INFO - Dependencies all met for <TaskInstance: popula_bd.popula_adult 2021-08-07T00:55:33.764668+00:00 [queued]>
[2021-08-06 21:55:44,662] {taskinstance.py:896} INFO - Dependencies all met for <TaskInstance: popula_bd.popula_adult 2021-08-07T00:55:33.764668+00:00 [queued]>
[2021-08-06 21:55:44,662] {taskinstance.py:1087} INFO - 
--------------------------------------------------------------------------------
[2021-08-06 21:55:44,662] {taskinstance.py:1088} INFO - Starting attempt 1 of 1
[2021-08-06 21:55:44,662] {taskinstance.py:1089} INFO - 
--------------------------------------------------------------------------------
[2021-08-06 21:55:44,667] {taskinstance.py:1107} INFO - Executing <Task(PythonOperator): popula_adult> on 2021-08-07T00:55:33.764668+00:00
[2021-08-06 21:55:44,669] {standard_task_runner.py:52} INFO - Started process 6209 to run task
[2021-08-06 21:55:44,670] {standard_task_runner.py:76} INFO - Running: ['airflow', 'tasks', 'run', 'popula_bd', 'popula_adult', '2021-08-07T00:55:33.764668+00:00', '--job-id', '550', '--pool', 'default_pool', '--raw', '--subdir', 'DAGS_FOLDER/popula.py', '--cfg-path', '/tmp/tmpxtx4u3d9', '--error-file', '/tmp/tmpju5iut8_']
[2021-08-06 21:55:44,670] {standard_task_runner.py:77} INFO - Job 550: Subtask popula_adult
[2021-08-06 21:55:44,681] {logging_mixin.py:104} INFO - Running <TaskInstance: popula_bd.popula_adult 2021-08-07T00:55:33.764668+00:00 [running]> on host DESKTOP-BEFA8CP.localdomain
[2021-08-06 21:55:44,695] {taskinstance.py:1300} INFO - Exporting the following env vars:
AIRFLOW_CTX_DAG_EMAIL=vh15fleury@hotmail.com
AIRFLOW_CTX_DAG_OWNER=victor hugo
AIRFLOW_CTX_DAG_ID=popula_bd
AIRFLOW_CTX_TASK_ID=popula_adult
AIRFLOW_CTX_EXECUTION_DATE=2021-08-07T00:55:33.764668+00:00
AIRFLOW_CTX_DAG_RUN_ID=scheduled__2021-08-07T00:55:33.764668+00:00
[2021-08-06 21:55:44,702] {python.py:151} INFO - Done. Returned value was: None
[2021-08-06 21:55:44,703] {taskinstance.py:1204} INFO - Marking task as SUCCESS. dag_id=popula_bd, task_id=popula_adult, execution_date=20210807T005533, start_date=20210807T005544, end_date=20210807T005544
[2021-08-06 21:55:44,709] {taskinstance.py:1265} INFO - 0 downstream tasks scheduled from follow-on schedule check
[2021-08-06 21:55:44,721] {local_task_job.py:149} INFO - Task exited with return code 0
