[2021-08-07 12:24:35,353] {taskinstance.py:896} INFO - Dependencies all met for <TaskInstance: popula_bd.popula_adult 2021-08-07T15:24:23.705556+00:00 [queued]>
[2021-08-07 12:24:35,355] {taskinstance.py:896} INFO - Dependencies all met for <TaskInstance: popula_bd.popula_adult 2021-08-07T15:24:23.705556+00:00 [queued]>
[2021-08-07 12:24:35,355] {taskinstance.py:1087} INFO - 
--------------------------------------------------------------------------------
[2021-08-07 12:24:35,355] {taskinstance.py:1088} INFO - Starting attempt 1 of 1
[2021-08-07 12:24:35,355] {taskinstance.py:1089} INFO - 
--------------------------------------------------------------------------------
[2021-08-07 12:24:35,360] {taskinstance.py:1107} INFO - Executing <Task(PythonOperator): popula_adult> on 2021-08-07T15:24:23.705556+00:00
[2021-08-07 12:24:35,361] {standard_task_runner.py:52} INFO - Started process 8733 to run task
[2021-08-07 12:24:35,363] {standard_task_runner.py:76} INFO - Running: ['airflow', 'tasks', 'run', 'popula_bd', 'popula_adult', '2021-08-07T15:24:23.705556+00:00', '--job-id', '1499', '--pool', 'default_pool', '--raw', '--subdir', 'DAGS_FOLDER/popula.py', '--cfg-path', '/tmp/tmp6_6v382n', '--error-file', '/tmp/tmp9yc8bl8l']
[2021-08-07 12:24:35,363] {standard_task_runner.py:77} INFO - Job 1499: Subtask popula_adult
[2021-08-07 12:24:35,373] {logging_mixin.py:104} INFO - Running <TaskInstance: popula_bd.popula_adult 2021-08-07T15:24:23.705556+00:00 [running]> on host DESKTOP-BEFA8CP.localdomain
[2021-08-07 12:24:35,388] {taskinstance.py:1300} INFO - Exporting the following env vars:
AIRFLOW_CTX_DAG_EMAIL=vh15fleury@hotmail.com
AIRFLOW_CTX_DAG_OWNER=victor hugo
AIRFLOW_CTX_DAG_ID=popula_bd
AIRFLOW_CTX_TASK_ID=popula_adult
AIRFLOW_CTX_EXECUTION_DATE=2021-08-07T15:24:23.705556+00:00
AIRFLOW_CTX_DAG_RUN_ID=scheduled__2021-08-07T15:24:23.705556+00:00
[2021-08-07 12:24:35,395] {python.py:151} INFO - Done. Returned value was: None
[2021-08-07 12:24:35,397] {taskinstance.py:1204} INFO - Marking task as SUCCESS. dag_id=popula_bd, task_id=popula_adult, execution_date=20210807T152423, start_date=20210807T152435, end_date=20210807T152435
[2021-08-07 12:24:35,403] {taskinstance.py:1265} INFO - 0 downstream tasks scheduled from follow-on schedule check
[2021-08-07 12:24:35,414] {local_task_job.py:149} INFO - Task exited with return code 0
