[2021-08-07 10:34:57,957] {taskinstance.py:896} INFO - Dependencies all met for <TaskInstance: popula_bd.popula_adult 2021-08-07T13:34:46.746821+00:00 [queued]>
[2021-08-07 10:34:57,959] {taskinstance.py:896} INFO - Dependencies all met for <TaskInstance: popula_bd.popula_adult 2021-08-07T13:34:46.746821+00:00 [queued]>
[2021-08-07 10:34:57,959] {taskinstance.py:1087} INFO - 
--------------------------------------------------------------------------------
[2021-08-07 10:34:57,959] {taskinstance.py:1088} INFO - Starting attempt 1 of 1
[2021-08-07 10:34:57,959] {taskinstance.py:1089} INFO - 
--------------------------------------------------------------------------------
[2021-08-07 10:34:57,963] {taskinstance.py:1107} INFO - Executing <Task(PythonOperator): popula_adult> on 2021-08-07T13:34:46.746821+00:00
[2021-08-07 10:34:57,965] {standard_task_runner.py:52} INFO - Started process 27428 to run task
[2021-08-07 10:34:57,967] {standard_task_runner.py:76} INFO - Running: ['airflow', 'tasks', 'run', 'popula_bd', 'popula_adult', '2021-08-07T13:34:46.746821+00:00', '--job-id', '847', '--pool', 'default_pool', '--raw', '--subdir', 'DAGS_FOLDER/popula.py', '--cfg-path', '/tmp/tmp6i9gzibv', '--error-file', '/tmp/tmp4icqv5s_']
[2021-08-07 10:34:57,967] {standard_task_runner.py:77} INFO - Job 847: Subtask popula_adult
[2021-08-07 10:34:57,978] {logging_mixin.py:104} INFO - Running <TaskInstance: popula_bd.popula_adult 2021-08-07T13:34:46.746821+00:00 [running]> on host DESKTOP-BEFA8CP.localdomain
[2021-08-07 10:34:57,993] {taskinstance.py:1300} INFO - Exporting the following env vars:
AIRFLOW_CTX_DAG_EMAIL=vh15fleury@hotmail.com
AIRFLOW_CTX_DAG_OWNER=victor hugo
AIRFLOW_CTX_DAG_ID=popula_bd
AIRFLOW_CTX_TASK_ID=popula_adult
AIRFLOW_CTX_EXECUTION_DATE=2021-08-07T13:34:46.746821+00:00
AIRFLOW_CTX_DAG_RUN_ID=scheduled__2021-08-07T13:34:46.746821+00:00
[2021-08-07 10:34:58,000] {python.py:151} INFO - Done. Returned value was: None
[2021-08-07 10:34:58,001] {taskinstance.py:1204} INFO - Marking task as SUCCESS. dag_id=popula_bd, task_id=popula_adult, execution_date=20210807T133446, start_date=20210807T133457, end_date=20210807T133458
[2021-08-07 10:34:58,007] {taskinstance.py:1265} INFO - 0 downstream tasks scheduled from follow-on schedule check
[2021-08-07 10:34:58,018] {local_task_job.py:149} INFO - Task exited with return code 0
