[2021-08-06 21:44:52,257] {taskinstance.py:896} INFO - Dependencies all met for <TaskInstance: popula_bd.popula_adult 2021-08-07T00:44:40.441707+00:00 [queued]>
[2021-08-06 21:44:52,259] {taskinstance.py:896} INFO - Dependencies all met for <TaskInstance: popula_bd.popula_adult 2021-08-07T00:44:40.441707+00:00 [queued]>
[2021-08-06 21:44:52,259] {taskinstance.py:1087} INFO - 
--------------------------------------------------------------------------------
[2021-08-06 21:44:52,259] {taskinstance.py:1088} INFO - Starting attempt 1 of 1
[2021-08-06 21:44:52,260] {taskinstance.py:1089} INFO - 
--------------------------------------------------------------------------------
[2021-08-06 21:44:52,264] {taskinstance.py:1107} INFO - Executing <Task(PythonOperator): popula_adult> on 2021-08-07T00:44:40.441707+00:00
[2021-08-06 21:44:52,265] {standard_task_runner.py:52} INFO - Started process 882 to run task
[2021-08-06 21:44:52,267] {standard_task_runner.py:76} INFO - Running: ['airflow', 'tasks', 'run', 'popula_bd', 'popula_adult', '2021-08-07T00:44:40.441707+00:00', '--job-id', '485', '--pool', 'default_pool', '--raw', '--subdir', 'DAGS_FOLDER/popula.py', '--cfg-path', '/tmp/tmphyls93bs', '--error-file', '/tmp/tmpee8l5hnd']
[2021-08-06 21:44:52,267] {standard_task_runner.py:77} INFO - Job 485: Subtask popula_adult
[2021-08-06 21:44:52,277] {logging_mixin.py:104} INFO - Running <TaskInstance: popula_bd.popula_adult 2021-08-07T00:44:40.441707+00:00 [running]> on host DESKTOP-BEFA8CP.localdomain
[2021-08-06 21:44:52,290] {taskinstance.py:1300} INFO - Exporting the following env vars:
AIRFLOW_CTX_DAG_EMAIL=vh15fleury@hotmail.com
AIRFLOW_CTX_DAG_OWNER=victor hugo
AIRFLOW_CTX_DAG_ID=popula_bd
AIRFLOW_CTX_TASK_ID=popula_adult
AIRFLOW_CTX_EXECUTION_DATE=2021-08-07T00:44:40.441707+00:00
AIRFLOW_CTX_DAG_RUN_ID=scheduled__2021-08-07T00:44:40.441707+00:00
[2021-08-06 21:44:52,297] {python.py:151} INFO - Done. Returned value was: None
[2021-08-06 21:44:52,299] {taskinstance.py:1204} INFO - Marking task as SUCCESS. dag_id=popula_bd, task_id=popula_adult, execution_date=20210807T004440, start_date=20210807T004452, end_date=20210807T004452
[2021-08-06 21:44:52,304] {taskinstance.py:1265} INFO - 0 downstream tasks scheduled from follow-on schedule check
[2021-08-06 21:44:52,318] {local_task_job.py:149} INFO - Task exited with return code 0
