[2021-08-06 22:43:29,263] {taskinstance.py:896} INFO - Dependencies all met for <TaskInstance: popula_bd.popula_adult 2021-08-07T01:43:17.584247+00:00 [queued]>
[2021-08-06 22:43:29,265] {taskinstance.py:896} INFO - Dependencies all met for <TaskInstance: popula_bd.popula_adult 2021-08-07T01:43:17.584247+00:00 [queued]>
[2021-08-06 22:43:29,265] {taskinstance.py:1087} INFO - 
--------------------------------------------------------------------------------
[2021-08-06 22:43:29,265] {taskinstance.py:1088} INFO - Starting attempt 1 of 1
[2021-08-06 22:43:29,265] {taskinstance.py:1089} INFO - 
--------------------------------------------------------------------------------
[2021-08-06 22:43:29,270] {taskinstance.py:1107} INFO - Executing <Task(PythonOperator): popula_adult> on 2021-08-07T01:43:17.584247+00:00
[2021-08-06 22:43:29,271] {standard_task_runner.py:52} INFO - Started process 18569 to run task
[2021-08-06 22:43:29,273] {standard_task_runner.py:76} INFO - Running: ['airflow', 'tasks', 'run', 'popula_bd', 'popula_adult', '2021-08-07T01:43:17.584247+00:00', '--job-id', '721', '--pool', 'default_pool', '--raw', '--subdir', 'DAGS_FOLDER/popula.py', '--cfg-path', '/tmp/tmpzbqxocsu', '--error-file', '/tmp/tmpkoj7h99t']
[2021-08-06 22:43:29,274] {standard_task_runner.py:77} INFO - Job 721: Subtask popula_adult
[2021-08-06 22:43:29,285] {logging_mixin.py:104} INFO - Running <TaskInstance: popula_bd.popula_adult 2021-08-07T01:43:17.584247+00:00 [running]> on host DESKTOP-BEFA8CP.localdomain
[2021-08-06 22:43:29,300] {taskinstance.py:1300} INFO - Exporting the following env vars:
AIRFLOW_CTX_DAG_EMAIL=vh15fleury@hotmail.com
AIRFLOW_CTX_DAG_OWNER=victor hugo
AIRFLOW_CTX_DAG_ID=popula_bd
AIRFLOW_CTX_TASK_ID=popula_adult
AIRFLOW_CTX_EXECUTION_DATE=2021-08-07T01:43:17.584247+00:00
AIRFLOW_CTX_DAG_RUN_ID=scheduled__2021-08-07T01:43:17.584247+00:00
[2021-08-06 22:43:29,306] {python.py:151} INFO - Done. Returned value was: None
[2021-08-06 22:43:29,308] {taskinstance.py:1204} INFO - Marking task as SUCCESS. dag_id=popula_bd, task_id=popula_adult, execution_date=20210807T014317, start_date=20210807T014329, end_date=20210807T014329
[2021-08-06 22:43:29,314] {taskinstance.py:1265} INFO - 0 downstream tasks scheduled from follow-on schedule check
[2021-08-06 22:43:29,325] {local_task_job.py:149} INFO - Task exited with return code 0
