[2021-08-08 16:56:37,831] {taskinstance.py:896} INFO - Dependencies all met for <TaskInstance: popula_bd.verifica_arquivo 2021-08-08T19:56:26.106773+00:00 [queued]>
[2021-08-08 16:56:37,834] {taskinstance.py:896} INFO - Dependencies all met for <TaskInstance: popula_bd.verifica_arquivo 2021-08-08T19:56:26.106773+00:00 [queued]>
[2021-08-08 16:56:37,834] {taskinstance.py:1087} INFO - 
--------------------------------------------------------------------------------
[2021-08-08 16:56:37,834] {taskinstance.py:1088} INFO - Starting attempt 1 of 2
[2021-08-08 16:56:37,834] {taskinstance.py:1089} INFO - 
--------------------------------------------------------------------------------
[2021-08-08 16:56:37,838] {taskinstance.py:1107} INFO - Executing <Task(PythonOperator): verifica_arquivo> on 2021-08-08T19:56:26.106773+00:00
[2021-08-08 16:56:37,839] {standard_task_runner.py:52} INFO - Started process 15272 to run task
[2021-08-08 16:56:37,840] {standard_task_runner.py:76} INFO - Running: ['airflow', 'tasks', 'run', 'popula_bd', 'verifica_arquivo', '2021-08-08T19:56:26.106773+00:00', '--job-id', '51', '--pool', 'default_pool', '--raw', '--subdir', 'DAGS_FOLDER/popula.py', '--cfg-path', '/tmp/tmp6kurcxik', '--error-file', '/tmp/tmpnxutg7vi']
[2021-08-08 16:56:37,841] {standard_task_runner.py:77} INFO - Job 51: Subtask verifica_arquivo
[2021-08-08 16:56:37,851] {logging_mixin.py:104} INFO - Running <TaskInstance: popula_bd.verifica_arquivo 2021-08-08T19:56:26.106773+00:00 [running]> on host DESKTOP-BEFA8CP.localdomain
[2021-08-08 16:56:37,864] {taskinstance.py:1300} INFO - Exporting the following env vars:
AIRFLOW_CTX_DAG_EMAIL=vh15fleury@hotmail.com
AIRFLOW_CTX_DAG_OWNER=victor hugo
AIRFLOW_CTX_DAG_ID=popula_bd
AIRFLOW_CTX_TASK_ID=verifica_arquivo
AIRFLOW_CTX_EXECUTION_DATE=2021-08-08T19:56:26.106773+00:00
AIRFLOW_CTX_DAG_RUN_ID=scheduled__2021-08-08T19:56:26.106773+00:00
[2021-08-08 16:56:37,902] {taskinstance.py:1170} INFO - Marking task as SKIPPED. dag_id=popula_bd, task_id=verifica_arquivo, execution_date=20210808T195626, start_date=20210808T195637, end_date=
[2021-08-08 16:56:37,903] {taskinstance.py:1204} INFO - Marking task as SUCCESS. dag_id=popula_bd, task_id=verifica_arquivo, execution_date=20210808T195626, start_date=20210808T195637, end_date=20210808T195637
[2021-08-08 16:56:37,913] {taskinstance.py:1265} INFO - 0 downstream tasks scheduled from follow-on schedule check
[2021-08-08 16:56:37,932] {local_task_job.py:149} INFO - Task exited with return code 0
