[2021-08-07 10:22:03,135] {taskinstance.py:896} INFO - Dependencies all met for <TaskInstance: popula_bd.popula_adult 2021-08-07T13:21:51.304597+00:00 [queued]>
[2021-08-07 10:22:03,137] {taskinstance.py:896} INFO - Dependencies all met for <TaskInstance: popula_bd.popula_adult 2021-08-07T13:21:51.304597+00:00 [queued]>
[2021-08-07 10:22:03,137] {taskinstance.py:1087} INFO - 
--------------------------------------------------------------------------------
[2021-08-07 10:22:03,138] {taskinstance.py:1088} INFO - Starting attempt 1 of 1
[2021-08-07 10:22:03,138] {taskinstance.py:1089} INFO - 
--------------------------------------------------------------------------------
[2021-08-07 10:22:03,142] {taskinstance.py:1107} INFO - Executing <Task(PythonOperator): popula_adult> on 2021-08-07T13:21:51.304597+00:00
[2021-08-07 10:22:03,144] {standard_task_runner.py:52} INFO - Started process 22018 to run task
[2021-08-07 10:22:03,145] {standard_task_runner.py:76} INFO - Running: ['airflow', 'tasks', 'run', 'popula_bd', 'popula_adult', '2021-08-07T13:21:51.304597+00:00', '--job-id', '770', '--pool', 'default_pool', '--raw', '--subdir', 'DAGS_FOLDER/popula.py', '--cfg-path', '/tmp/tmpnsaa3f4t', '--error-file', '/tmp/tmps1q8bg2j']
[2021-08-07 10:22:03,146] {standard_task_runner.py:77} INFO - Job 770: Subtask popula_adult
[2021-08-07 10:22:03,157] {logging_mixin.py:104} INFO - Running <TaskInstance: popula_bd.popula_adult 2021-08-07T13:21:51.304597+00:00 [running]> on host DESKTOP-BEFA8CP.localdomain
[2021-08-07 10:22:03,173] {taskinstance.py:1300} INFO - Exporting the following env vars:
AIRFLOW_CTX_DAG_EMAIL=vh15fleury@hotmail.com
AIRFLOW_CTX_DAG_OWNER=victor hugo
AIRFLOW_CTX_DAG_ID=popula_bd
AIRFLOW_CTX_TASK_ID=popula_adult
AIRFLOW_CTX_EXECUTION_DATE=2021-08-07T13:21:51.304597+00:00
AIRFLOW_CTX_DAG_RUN_ID=scheduled__2021-08-07T13:21:51.304597+00:00
[2021-08-07 10:22:03,180] {python.py:151} INFO - Done. Returned value was: None
[2021-08-07 10:22:03,182] {taskinstance.py:1204} INFO - Marking task as SUCCESS. dag_id=popula_bd, task_id=popula_adult, execution_date=20210807T132151, start_date=20210807T132203, end_date=20210807T132203
[2021-08-07 10:22:03,189] {taskinstance.py:1265} INFO - 0 downstream tasks scheduled from follow-on schedule check
[2021-08-07 10:22:03,197] {local_task_job.py:149} INFO - Task exited with return code 0
