[2021-08-07 11:31:36,255] {taskinstance.py:896} INFO - Dependencies all met for <TaskInstance: popula_bd.popula_adult 2021-08-07T14:31:24.218365+00:00 [queued]>
[2021-08-07 11:31:36,258] {taskinstance.py:896} INFO - Dependencies all met for <TaskInstance: popula_bd.popula_adult 2021-08-07T14:31:24.218365+00:00 [queued]>
[2021-08-07 11:31:36,258] {taskinstance.py:1087} INFO - 
--------------------------------------------------------------------------------
[2021-08-07 11:31:36,258] {taskinstance.py:1088} INFO - Starting attempt 1 of 1
[2021-08-07 11:31:36,258] {taskinstance.py:1089} INFO - 
--------------------------------------------------------------------------------
[2021-08-07 11:31:36,264] {taskinstance.py:1107} INFO - Executing <Task(PythonOperator): popula_adult> on 2021-08-07T14:31:24.218365+00:00
[2021-08-07 11:31:36,265] {standard_task_runner.py:52} INFO - Started process 18766 to run task
[2021-08-07 11:31:36,267] {standard_task_runner.py:76} INFO - Running: ['airflow', 'tasks', 'run', 'popula_bd', 'popula_adult', '2021-08-07T14:31:24.218365+00:00', '--job-id', '1184', '--pool', 'default_pool', '--raw', '--subdir', 'DAGS_FOLDER/popula.py', '--cfg-path', '/tmp/tmpoh2b7vo3', '--error-file', '/tmp/tmp96yoqmwl']
[2021-08-07 11:31:36,267] {standard_task_runner.py:77} INFO - Job 1184: Subtask popula_adult
[2021-08-07 11:31:36,277] {logging_mixin.py:104} INFO - Running <TaskInstance: popula_bd.popula_adult 2021-08-07T14:31:24.218365+00:00 [running]> on host DESKTOP-BEFA8CP.localdomain
[2021-08-07 11:31:36,292] {taskinstance.py:1300} INFO - Exporting the following env vars:
AIRFLOW_CTX_DAG_EMAIL=vh15fleury@hotmail.com
AIRFLOW_CTX_DAG_OWNER=victor hugo
AIRFLOW_CTX_DAG_ID=popula_bd
AIRFLOW_CTX_TASK_ID=popula_adult
AIRFLOW_CTX_EXECUTION_DATE=2021-08-07T14:31:24.218365+00:00
AIRFLOW_CTX_DAG_RUN_ID=scheduled__2021-08-07T14:31:24.218365+00:00
[2021-08-07 11:31:36,299] {python.py:151} INFO - Done. Returned value was: None
[2021-08-07 11:31:36,300] {taskinstance.py:1204} INFO - Marking task as SUCCESS. dag_id=popula_bd, task_id=popula_adult, execution_date=20210807T143124, start_date=20210807T143136, end_date=20210807T143136
[2021-08-07 11:31:36,306] {taskinstance.py:1265} INFO - 0 downstream tasks scheduled from follow-on schedule check
[2021-08-07 11:31:36,318] {local_task_job.py:149} INFO - Task exited with return code 0
