[2021-08-07 10:49:56,193] {taskinstance.py:896} INFO - Dependencies all met for <TaskInstance: popula_bd.popula_adult 2021-08-07T13:49:44.949561+00:00 [queued]>
[2021-08-07 10:49:56,195] {taskinstance.py:896} INFO - Dependencies all met for <TaskInstance: popula_bd.popula_adult 2021-08-07T13:49:44.949561+00:00 [queued]>
[2021-08-07 10:49:56,195] {taskinstance.py:1087} INFO - 
--------------------------------------------------------------------------------
[2021-08-07 10:49:56,195] {taskinstance.py:1088} INFO - Starting attempt 1 of 1
[2021-08-07 10:49:56,195] {taskinstance.py:1089} INFO - 
--------------------------------------------------------------------------------
[2021-08-07 10:49:56,200] {taskinstance.py:1107} INFO - Executing <Task(PythonOperator): popula_adult> on 2021-08-07T13:49:44.949561+00:00
[2021-08-07 10:49:56,201] {standard_task_runner.py:52} INFO - Started process 1228 to run task
[2021-08-07 10:49:56,203] {standard_task_runner.py:76} INFO - Running: ['airflow', 'tasks', 'run', 'popula_bd', 'popula_adult', '2021-08-07T13:49:44.949561+00:00', '--job-id', '936', '--pool', 'default_pool', '--raw', '--subdir', 'DAGS_FOLDER/popula.py', '--cfg-path', '/tmp/tmpxc5e01j2', '--error-file', '/tmp/tmprmjrfs6l']
[2021-08-07 10:49:56,203] {standard_task_runner.py:77} INFO - Job 936: Subtask popula_adult
[2021-08-07 10:49:56,213] {logging_mixin.py:104} INFO - Running <TaskInstance: popula_bd.popula_adult 2021-08-07T13:49:44.949561+00:00 [running]> on host DESKTOP-BEFA8CP.localdomain
[2021-08-07 10:49:56,227] {taskinstance.py:1300} INFO - Exporting the following env vars:
AIRFLOW_CTX_DAG_EMAIL=vh15fleury@hotmail.com
AIRFLOW_CTX_DAG_OWNER=victor hugo
AIRFLOW_CTX_DAG_ID=popula_bd
AIRFLOW_CTX_TASK_ID=popula_adult
AIRFLOW_CTX_EXECUTION_DATE=2021-08-07T13:49:44.949561+00:00
AIRFLOW_CTX_DAG_RUN_ID=scheduled__2021-08-07T13:49:44.949561+00:00
[2021-08-07 10:49:56,234] {python.py:151} INFO - Done. Returned value was: None
[2021-08-07 10:49:56,236] {taskinstance.py:1204} INFO - Marking task as SUCCESS. dag_id=popula_bd, task_id=popula_adult, execution_date=20210807T134944, start_date=20210807T134956, end_date=20210807T134956
[2021-08-07 10:49:56,242] {taskinstance.py:1265} INFO - 0 downstream tasks scheduled from follow-on schedule check
[2021-08-07 10:49:56,254] {local_task_job.py:149} INFO - Task exited with return code 0
