[2021-08-08 17:05:18,312] {taskinstance.py:896} INFO - Dependencies all met for <TaskInstance: popula_bd.verifica_arquivo 2021-08-08T20:05:06.180049+00:00 [queued]>
[2021-08-08 17:05:18,314] {taskinstance.py:896} INFO - Dependencies all met for <TaskInstance: popula_bd.verifica_arquivo 2021-08-08T20:05:06.180049+00:00 [queued]>
[2021-08-08 17:05:18,315] {taskinstance.py:1087} INFO - 
--------------------------------------------------------------------------------
[2021-08-08 17:05:18,315] {taskinstance.py:1088} INFO - Starting attempt 1 of 2
[2021-08-08 17:05:18,315] {taskinstance.py:1089} INFO - 
--------------------------------------------------------------------------------
[2021-08-08 17:05:18,319] {taskinstance.py:1107} INFO - Executing <Task(PythonOperator): verifica_arquivo> on 2021-08-08T20:05:06.180049+00:00
[2021-08-08 17:05:18,320] {standard_task_runner.py:52} INFO - Started process 20363 to run task
[2021-08-08 17:05:18,322] {standard_task_runner.py:76} INFO - Running: ['airflow', 'tasks', 'run', 'popula_bd', 'verifica_arquivo', '2021-08-08T20:05:06.180049+00:00', '--job-id', '152', '--pool', 'default_pool', '--raw', '--subdir', 'DAGS_FOLDER/popula.py', '--cfg-path', '/tmp/tmp_1ynqcrb', '--error-file', '/tmp/tmpym9k4lfi']
[2021-08-08 17:05:18,322] {standard_task_runner.py:77} INFO - Job 152: Subtask verifica_arquivo
[2021-08-08 17:05:18,333] {logging_mixin.py:104} INFO - Running <TaskInstance: popula_bd.verifica_arquivo 2021-08-08T20:05:06.180049+00:00 [running]> on host DESKTOP-BEFA8CP.localdomain
[2021-08-08 17:05:18,347] {taskinstance.py:1300} INFO - Exporting the following env vars:
AIRFLOW_CTX_DAG_EMAIL=vh15fleury@hotmail.com
AIRFLOW_CTX_DAG_OWNER=victor hugo
AIRFLOW_CTX_DAG_ID=popula_bd
AIRFLOW_CTX_TASK_ID=verifica_arquivo
AIRFLOW_CTX_EXECUTION_DATE=2021-08-08T20:05:06.180049+00:00
AIRFLOW_CTX_DAG_RUN_ID=scheduled__2021-08-08T20:05:06.180049+00:00
[2021-08-08 17:05:18,347] {python.py:151} INFO - Done. Returned value was: None
[2021-08-08 17:05:18,348] {taskinstance.py:1204} INFO - Marking task as SUCCESS. dag_id=popula_bd, task_id=verifica_arquivo, execution_date=20210808T200506, start_date=20210808T200518, end_date=20210808T200518
[2021-08-08 17:05:18,358] {taskinstance.py:1265} INFO - 1 downstream tasks scheduled from follow-on schedule check
[2021-08-08 17:05:18,373] {local_task_job.py:149} INFO - Task exited with return code 0
