[2021-08-07 11:50:38,237] {taskinstance.py:896} INFO - Dependencies all met for <TaskInstance: popula_bd.popula_adult 2021-08-07T14:50:26.689206+00:00 [queued]>
[2021-08-07 11:50:38,239] {taskinstance.py:896} INFO - Dependencies all met for <TaskInstance: popula_bd.popula_adult 2021-08-07T14:50:26.689206+00:00 [queued]>
[2021-08-07 11:50:38,240] {taskinstance.py:1087} INFO - 
--------------------------------------------------------------------------------
[2021-08-07 11:50:38,240] {taskinstance.py:1088} INFO - Starting attempt 1 of 1
[2021-08-07 11:50:38,240] {taskinstance.py:1089} INFO - 
--------------------------------------------------------------------------------
[2021-08-07 11:50:38,244] {taskinstance.py:1107} INFO - Executing <Task(PythonOperator): popula_adult> on 2021-08-07T14:50:26.689206+00:00
[2021-08-07 11:50:38,245] {standard_task_runner.py:52} INFO - Started process 26730 to run task
[2021-08-07 11:50:38,247] {standard_task_runner.py:76} INFO - Running: ['airflow', 'tasks', 'run', 'popula_bd', 'popula_adult', '2021-08-07T14:50:26.689206+00:00', '--job-id', '1297', '--pool', 'default_pool', '--raw', '--subdir', 'DAGS_FOLDER/popula.py', '--cfg-path', '/tmp/tmpnz3i4281', '--error-file', '/tmp/tmpkd51epdx']
[2021-08-07 11:50:38,247] {standard_task_runner.py:77} INFO - Job 1297: Subtask popula_adult
[2021-08-07 11:50:38,258] {logging_mixin.py:104} INFO - Running <TaskInstance: popula_bd.popula_adult 2021-08-07T14:50:26.689206+00:00 [running]> on host DESKTOP-BEFA8CP.localdomain
[2021-08-07 11:50:38,273] {taskinstance.py:1300} INFO - Exporting the following env vars:
AIRFLOW_CTX_DAG_EMAIL=vh15fleury@hotmail.com
AIRFLOW_CTX_DAG_OWNER=victor hugo
AIRFLOW_CTX_DAG_ID=popula_bd
AIRFLOW_CTX_TASK_ID=popula_adult
AIRFLOW_CTX_EXECUTION_DATE=2021-08-07T14:50:26.689206+00:00
AIRFLOW_CTX_DAG_RUN_ID=scheduled__2021-08-07T14:50:26.689206+00:00
[2021-08-07 11:50:38,281] {python.py:151} INFO - Done. Returned value was: None
[2021-08-07 11:50:38,282] {taskinstance.py:1204} INFO - Marking task as SUCCESS. dag_id=popula_bd, task_id=popula_adult, execution_date=20210807T145026, start_date=20210807T145038, end_date=20210807T145038
[2021-08-07 11:50:38,288] {taskinstance.py:1265} INFO - 0 downstream tasks scheduled from follow-on schedule check
[2021-08-07 11:50:38,299] {local_task_job.py:149} INFO - Task exited with return code 0
