[2021-08-06 22:32:52,733] {taskinstance.py:896} INFO - Dependencies all met for <TaskInstance: popula_bd.popula_adult 2021-08-07T01:32:41.809296+00:00 [queued]>
[2021-08-06 22:32:52,735] {taskinstance.py:896} INFO - Dependencies all met for <TaskInstance: popula_bd.popula_adult 2021-08-07T01:32:41.809296+00:00 [queued]>
[2021-08-06 22:32:52,735] {taskinstance.py:1087} INFO - 
--------------------------------------------------------------------------------
[2021-08-06 22:32:52,735] {taskinstance.py:1088} INFO - Starting attempt 1 of 1
[2021-08-06 22:32:52,735] {taskinstance.py:1089} INFO - 
--------------------------------------------------------------------------------
[2021-08-06 22:32:52,740] {taskinstance.py:1107} INFO - Executing <Task(PythonOperator): popula_adult> on 2021-08-07T01:32:41.809296+00:00
[2021-08-06 22:32:52,741] {standard_task_runner.py:52} INFO - Started process 14166 to run task
[2021-08-06 22:32:52,742] {standard_task_runner.py:76} INFO - Running: ['airflow', 'tasks', 'run', 'popula_bd', 'popula_adult', '2021-08-07T01:32:41.809296+00:00', '--job-id', '658', '--pool', 'default_pool', '--raw', '--subdir', 'DAGS_FOLDER/popula.py', '--cfg-path', '/tmp/tmpccf1bihf', '--error-file', '/tmp/tmpt68wp_e3']
[2021-08-06 22:32:52,743] {standard_task_runner.py:77} INFO - Job 658: Subtask popula_adult
[2021-08-06 22:32:52,753] {logging_mixin.py:104} INFO - Running <TaskInstance: popula_bd.popula_adult 2021-08-07T01:32:41.809296+00:00 [running]> on host DESKTOP-BEFA8CP.localdomain
[2021-08-06 22:32:52,766] {taskinstance.py:1300} INFO - Exporting the following env vars:
AIRFLOW_CTX_DAG_EMAIL=vh15fleury@hotmail.com
AIRFLOW_CTX_DAG_OWNER=victor hugo
AIRFLOW_CTX_DAG_ID=popula_bd
AIRFLOW_CTX_TASK_ID=popula_adult
AIRFLOW_CTX_EXECUTION_DATE=2021-08-07T01:32:41.809296+00:00
AIRFLOW_CTX_DAG_RUN_ID=scheduled__2021-08-07T01:32:41.809296+00:00
[2021-08-06 22:32:52,773] {python.py:151} INFO - Done. Returned value was: None
[2021-08-06 22:32:52,775] {taskinstance.py:1204} INFO - Marking task as SUCCESS. dag_id=popula_bd, task_id=popula_adult, execution_date=20210807T013241, start_date=20210807T013252, end_date=20210807T013252
[2021-08-06 22:32:52,780] {taskinstance.py:1265} INFO - 0 downstream tasks scheduled from follow-on schedule check
[2021-08-06 22:32:52,794] {local_task_job.py:149} INFO - Task exited with return code 0
