[2021-08-07 10:28:12,692] {taskinstance.py:896} INFO - Dependencies all met for <TaskInstance: popula_bd.popula_adult 2021-08-07T13:28:01.585524+00:00 [queued]>
[2021-08-07 10:28:12,694] {taskinstance.py:896} INFO - Dependencies all met for <TaskInstance: popula_bd.popula_adult 2021-08-07T13:28:01.585524+00:00 [queued]>
[2021-08-07 10:28:12,694] {taskinstance.py:1087} INFO - 
--------------------------------------------------------------------------------
[2021-08-07 10:28:12,694] {taskinstance.py:1088} INFO - Starting attempt 1 of 1
[2021-08-07 10:28:12,694] {taskinstance.py:1089} INFO - 
--------------------------------------------------------------------------------
[2021-08-07 10:28:12,700] {taskinstance.py:1107} INFO - Executing <Task(PythonOperator): popula_adult> on 2021-08-07T13:28:01.585524+00:00
[2021-08-07 10:28:12,702] {standard_task_runner.py:52} INFO - Started process 24581 to run task
[2021-08-07 10:28:12,703] {standard_task_runner.py:76} INFO - Running: ['airflow', 'tasks', 'run', 'popula_bd', 'popula_adult', '2021-08-07T13:28:01.585524+00:00', '--job-id', '807', '--pool', 'default_pool', '--raw', '--subdir', 'DAGS_FOLDER/popula.py', '--cfg-path', '/tmp/tmpbnj5yp8u', '--error-file', '/tmp/tmpp2l5v5nv']
[2021-08-07 10:28:12,703] {standard_task_runner.py:77} INFO - Job 807: Subtask popula_adult
[2021-08-07 10:28:12,714] {logging_mixin.py:104} INFO - Running <TaskInstance: popula_bd.popula_adult 2021-08-07T13:28:01.585524+00:00 [running]> on host DESKTOP-BEFA8CP.localdomain
[2021-08-07 10:28:12,728] {taskinstance.py:1300} INFO - Exporting the following env vars:
AIRFLOW_CTX_DAG_EMAIL=vh15fleury@hotmail.com
AIRFLOW_CTX_DAG_OWNER=victor hugo
AIRFLOW_CTX_DAG_ID=popula_bd
AIRFLOW_CTX_TASK_ID=popula_adult
AIRFLOW_CTX_EXECUTION_DATE=2021-08-07T13:28:01.585524+00:00
AIRFLOW_CTX_DAG_RUN_ID=scheduled__2021-08-07T13:28:01.585524+00:00
[2021-08-07 10:28:12,736] {python.py:151} INFO - Done. Returned value was: None
[2021-08-07 10:28:12,737] {taskinstance.py:1204} INFO - Marking task as SUCCESS. dag_id=popula_bd, task_id=popula_adult, execution_date=20210807T132801, start_date=20210807T132812, end_date=20210807T132812
[2021-08-07 10:28:12,744] {taskinstance.py:1265} INFO - 0 downstream tasks scheduled from follow-on schedule check
[2021-08-07 10:28:12,755] {local_task_job.py:149} INFO - Task exited with return code 0
