[2021-08-08 17:09:19,919] {taskinstance.py:896} INFO - Dependencies all met for <TaskInstance: popula_bd.popula_adult 2021-08-08T20:04:06.180049+00:00 [queued]>
[2021-08-08 17:09:19,921] {taskinstance.py:896} INFO - Dependencies all met for <TaskInstance: popula_bd.popula_adult 2021-08-08T20:04:06.180049+00:00 [queued]>
[2021-08-08 17:09:19,921] {taskinstance.py:1087} INFO - 
--------------------------------------------------------------------------------
[2021-08-08 17:09:19,921] {taskinstance.py:1088} INFO - Starting attempt 2 of 2
[2021-08-08 17:09:19,921] {taskinstance.py:1089} INFO - 
--------------------------------------------------------------------------------
[2021-08-08 17:09:19,926] {taskinstance.py:1107} INFO - Executing <Task(PythonOperator): popula_adult> on 2021-08-08T20:04:06.180049+00:00
[2021-08-08 17:09:19,927] {standard_task_runner.py:52} INFO - Started process 21973 to run task
[2021-08-08 17:09:19,929] {standard_task_runner.py:76} INFO - Running: ['airflow', 'tasks', 'run', 'popula_bd', 'popula_adult', '2021-08-08T20:04:06.180049+00:00', '--job-id', '174', '--pool', 'default_pool', '--raw', '--subdir', 'DAGS_FOLDER/popula.py', '--cfg-path', '/tmp/tmpdr2bbthi', '--error-file', '/tmp/tmpsbgon31d']
[2021-08-08 17:09:19,929] {standard_task_runner.py:77} INFO - Job 174: Subtask popula_adult
[2021-08-08 17:09:19,940] {logging_mixin.py:104} INFO - Running <TaskInstance: popula_bd.popula_adult 2021-08-08T20:04:06.180049+00:00 [running]> on host DESKTOP-BEFA8CP.localdomain
[2021-08-08 17:09:19,950] {taskinstance.py:1300} INFO - Exporting the following env vars:
AIRFLOW_CTX_DAG_EMAIL=vh15fleury@hotmail.com
AIRFLOW_CTX_DAG_OWNER=victor hugo
AIRFLOW_CTX_DAG_ID=popula_bd
AIRFLOW_CTX_TASK_ID=popula_adult
AIRFLOW_CTX_EXECUTION_DATE=2021-08-08T20:04:06.180049+00:00
AIRFLOW_CTX_DAG_RUN_ID=scheduled__2021-08-08T20:04:06.180049+00:00
[2021-08-08 17:09:20,064] {python.py:151} INFO - Done. Returned value was: None
[2021-08-08 17:09:20,066] {taskinstance.py:1204} INFO - Marking task as SUCCESS. dag_id=popula_bd, task_id=popula_adult, execution_date=20210808T200406, start_date=20210808T200919, end_date=20210808T200920
[2021-08-08 17:09:20,074] {taskinstance.py:1265} INFO - 0 downstream tasks scheduled from follow-on schedule check
[2021-08-08 17:09:20,101] {local_task_job.py:149} INFO - Task exited with return code 0
