[2021-08-06 20:33:59,873] {taskinstance.py:896} INFO - Dependencies all met for <TaskInstance: popula_bd.popula_adult 2021-08-06T23:33:48.901855+00:00 [queued]>
[2021-08-06 20:33:59,875] {taskinstance.py:896} INFO - Dependencies all met for <TaskInstance: popula_bd.popula_adult 2021-08-06T23:33:48.901855+00:00 [queued]>
[2021-08-06 20:33:59,875] {taskinstance.py:1087} INFO - 
--------------------------------------------------------------------------------
[2021-08-06 20:33:59,875] {taskinstance.py:1088} INFO - Starting attempt 1 of 1
[2021-08-06 20:33:59,875] {taskinstance.py:1089} INFO - 
--------------------------------------------------------------------------------
[2021-08-06 20:33:59,880] {taskinstance.py:1107} INFO - Executing <Task(PythonOperator): popula_adult> on 2021-08-06T23:33:48.901855+00:00
[2021-08-06 20:33:59,881] {standard_task_runner.py:52} INFO - Started process 445 to run task
[2021-08-06 20:33:59,882] {standard_task_runner.py:76} INFO - Running: ['airflow', 'tasks', 'run', 'popula_bd', 'popula_adult', '2021-08-06T23:33:48.901855+00:00', '--job-id', '64', '--pool', 'default_pool', '--raw', '--subdir', 'DAGS_FOLDER/popula.py', '--cfg-path', '/tmp/tmpnts2zvnt', '--error-file', '/tmp/tmp8c343v00']
[2021-08-06 20:33:59,883] {standard_task_runner.py:77} INFO - Job 64: Subtask popula_adult
[2021-08-06 20:33:59,894] {logging_mixin.py:104} INFO - Running <TaskInstance: popula_bd.popula_adult 2021-08-06T23:33:48.901855+00:00 [running]> on host DESKTOP-BEFA8CP.localdomain
[2021-08-06 20:33:59,908] {taskinstance.py:1300} INFO - Exporting the following env vars:
AIRFLOW_CTX_DAG_EMAIL=vh15fleury@hotmail.com
AIRFLOW_CTX_DAG_OWNER=victor hugo
AIRFLOW_CTX_DAG_ID=popula_bd
AIRFLOW_CTX_TASK_ID=popula_adult
AIRFLOW_CTX_EXECUTION_DATE=2021-08-06T23:33:48.901855+00:00
AIRFLOW_CTX_DAG_RUN_ID=scheduled__2021-08-06T23:33:48.901855+00:00
[2021-08-06 20:33:59,916] {python.py:151} INFO - Done. Returned value was: None
[2021-08-06 20:33:59,918] {taskinstance.py:1204} INFO - Marking task as SUCCESS. dag_id=popula_bd, task_id=popula_adult, execution_date=20210806T233348, start_date=20210806T233359, end_date=20210806T233359
[2021-08-06 20:33:59,924] {taskinstance.py:1265} INFO - 0 downstream tasks scheduled from follow-on schedule check
[2021-08-06 20:33:59,934] {local_task_job.py:149} INFO - Task exited with return code 0
