[2021-08-08 16:59:46,433] {taskinstance.py:896} INFO - Dependencies all met for <TaskInstance: popula_bd.popula_adult 2021-08-08T19:59:33.941726+00:00 [queued]>
[2021-08-08 16:59:46,435] {taskinstance.py:896} INFO - Dependencies all met for <TaskInstance: popula_bd.popula_adult 2021-08-08T19:59:33.941726+00:00 [queued]>
[2021-08-08 16:59:46,435] {taskinstance.py:1087} INFO - 
--------------------------------------------------------------------------------
[2021-08-08 16:59:46,435] {taskinstance.py:1088} INFO - Starting attempt 1 of 2
[2021-08-08 16:59:46,435] {taskinstance.py:1089} INFO - 
--------------------------------------------------------------------------------
[2021-08-08 16:59:46,440] {taskinstance.py:1107} INFO - Executing <Task(PythonOperator): popula_adult> on 2021-08-08T19:59:33.941726+00:00
[2021-08-08 16:59:46,441] {standard_task_runner.py:52} INFO - Started process 17125 to run task
[2021-08-08 16:59:46,443] {standard_task_runner.py:76} INFO - Running: ['airflow', 'tasks', 'run', 'popula_bd', 'popula_adult', '2021-08-08T19:59:33.941726+00:00', '--job-id', '85', '--pool', 'default_pool', '--raw', '--subdir', 'DAGS_FOLDER/popula.py', '--cfg-path', '/tmp/tmp82e60g4u', '--error-file', '/tmp/tmpj2lu4bjg']
[2021-08-08 16:59:46,443] {standard_task_runner.py:77} INFO - Job 85: Subtask popula_adult
[2021-08-08 16:59:46,453] {logging_mixin.py:104} INFO - Running <TaskInstance: popula_bd.popula_adult 2021-08-08T19:59:33.941726+00:00 [running]> on host DESKTOP-BEFA8CP.localdomain
[2021-08-08 16:59:46,465] {taskinstance.py:1300} INFO - Exporting the following env vars:
AIRFLOW_CTX_DAG_EMAIL=vh15fleury@hotmail.com
AIRFLOW_CTX_DAG_OWNER=victor hugo
AIRFLOW_CTX_DAG_ID=popula_bd
AIRFLOW_CTX_TASK_ID=popula_adult
AIRFLOW_CTX_EXECUTION_DATE=2021-08-08T19:59:33.941726+00:00
AIRFLOW_CTX_DAG_RUN_ID=scheduled__2021-08-08T19:59:33.941726+00:00
[2021-08-08 16:59:46,568] {python.py:151} INFO - Done. Returned value was: None
[2021-08-08 16:59:46,570] {taskinstance.py:1204} INFO - Marking task as SUCCESS. dag_id=popula_bd, task_id=popula_adult, execution_date=20210808T195933, start_date=20210808T195946, end_date=20210808T195946
[2021-08-08 16:59:46,576] {taskinstance.py:1265} INFO - 0 downstream tasks scheduled from follow-on schedule check
[2021-08-08 16:59:46,615] {local_task_job.py:149} INFO - Task exited with return code 0
