[2021-08-06 20:43:32,100] {taskinstance.py:896} INFO - Dependencies all met for <TaskInstance: popula_bd.popula_adult 2021-08-06T23:43:20.442826+00:00 [queued]>
[2021-08-06 20:43:32,102] {taskinstance.py:896} INFO - Dependencies all met for <TaskInstance: popula_bd.popula_adult 2021-08-06T23:43:20.442826+00:00 [queued]>
[2021-08-06 20:43:32,102] {taskinstance.py:1087} INFO - 
--------------------------------------------------------------------------------
[2021-08-06 20:43:32,102] {taskinstance.py:1088} INFO - Starting attempt 1 of 1
[2021-08-06 20:43:32,102] {taskinstance.py:1089} INFO - 
--------------------------------------------------------------------------------
[2021-08-06 20:43:32,106] {taskinstance.py:1107} INFO - Executing <Task(PythonOperator): popula_adult> on 2021-08-06T23:43:20.442826+00:00
[2021-08-06 20:43:32,107] {standard_task_runner.py:52} INFO - Started process 4293 to run task
[2021-08-06 20:43:32,109] {standard_task_runner.py:76} INFO - Running: ['airflow', 'tasks', 'run', 'popula_bd', 'popula_adult', '2021-08-06T23:43:20.442826+00:00', '--job-id', '121', '--pool', 'default_pool', '--raw', '--subdir', 'DAGS_FOLDER/popula.py', '--cfg-path', '/tmp/tmpu3crziem', '--error-file', '/tmp/tmphkp62458']
[2021-08-06 20:43:32,109] {standard_task_runner.py:77} INFO - Job 121: Subtask popula_adult
[2021-08-06 20:43:32,119] {logging_mixin.py:104} INFO - Running <TaskInstance: popula_bd.popula_adult 2021-08-06T23:43:20.442826+00:00 [running]> on host DESKTOP-BEFA8CP.localdomain
[2021-08-06 20:43:32,132] {taskinstance.py:1300} INFO - Exporting the following env vars:
AIRFLOW_CTX_DAG_EMAIL=vh15fleury@hotmail.com
AIRFLOW_CTX_DAG_OWNER=victor hugo
AIRFLOW_CTX_DAG_ID=popula_bd
AIRFLOW_CTX_TASK_ID=popula_adult
AIRFLOW_CTX_EXECUTION_DATE=2021-08-06T23:43:20.442826+00:00
AIRFLOW_CTX_DAG_RUN_ID=scheduled__2021-08-06T23:43:20.442826+00:00
[2021-08-06 20:43:32,139] {python.py:151} INFO - Done. Returned value was: None
[2021-08-06 20:43:32,141] {taskinstance.py:1204} INFO - Marking task as SUCCESS. dag_id=popula_bd, task_id=popula_adult, execution_date=20210806T234320, start_date=20210806T234332, end_date=20210806T234332
[2021-08-06 20:43:32,146] {taskinstance.py:1265} INFO - 0 downstream tasks scheduled from follow-on schedule check
[2021-08-06 20:43:32,160] {local_task_job.py:149} INFO - Task exited with return code 0
