[2021-08-06 21:51:12,583] {taskinstance.py:896} INFO - Dependencies all met for <TaskInstance: popula_bd.popula_adult 2021-08-07T00:51:00.731038+00:00 [queued]>
[2021-08-06 21:51:12,585] {taskinstance.py:896} INFO - Dependencies all met for <TaskInstance: popula_bd.popula_adult 2021-08-07T00:51:00.731038+00:00 [queued]>
[2021-08-06 21:51:12,585] {taskinstance.py:1087} INFO - 
--------------------------------------------------------------------------------
[2021-08-06 21:51:12,585] {taskinstance.py:1088} INFO - Starting attempt 1 of 1
[2021-08-06 21:51:12,585] {taskinstance.py:1089} INFO - 
--------------------------------------------------------------------------------
[2021-08-06 21:51:12,591] {taskinstance.py:1107} INFO - Executing <Task(PythonOperator): popula_adult> on 2021-08-07T00:51:00.731038+00:00
[2021-08-06 21:51:12,592] {standard_task_runner.py:52} INFO - Started process 3959 to run task
[2021-08-06 21:51:12,593] {standard_task_runner.py:76} INFO - Running: ['airflow', 'tasks', 'run', 'popula_bd', 'popula_adult', '2021-08-07T00:51:00.731038+00:00', '--job-id', '523', '--pool', 'default_pool', '--raw', '--subdir', 'DAGS_FOLDER/popula.py', '--cfg-path', '/tmp/tmpncygwdg2', '--error-file', '/tmp/tmpshcuad6k']
[2021-08-06 21:51:12,594] {standard_task_runner.py:77} INFO - Job 523: Subtask popula_adult
[2021-08-06 21:51:12,603] {logging_mixin.py:104} INFO - Running <TaskInstance: popula_bd.popula_adult 2021-08-07T00:51:00.731038+00:00 [running]> on host DESKTOP-BEFA8CP.localdomain
[2021-08-06 21:51:12,618] {taskinstance.py:1300} INFO - Exporting the following env vars:
AIRFLOW_CTX_DAG_EMAIL=vh15fleury@hotmail.com
AIRFLOW_CTX_DAG_OWNER=victor hugo
AIRFLOW_CTX_DAG_ID=popula_bd
AIRFLOW_CTX_TASK_ID=popula_adult
AIRFLOW_CTX_EXECUTION_DATE=2021-08-07T00:51:00.731038+00:00
AIRFLOW_CTX_DAG_RUN_ID=scheduled__2021-08-07T00:51:00.731038+00:00
[2021-08-06 21:51:12,625] {python.py:151} INFO - Done. Returned value was: None
[2021-08-06 21:51:12,626] {taskinstance.py:1204} INFO - Marking task as SUCCESS. dag_id=popula_bd, task_id=popula_adult, execution_date=20210807T005100, start_date=20210807T005112, end_date=20210807T005112
[2021-08-06 21:51:12,632] {taskinstance.py:1265} INFO - 0 downstream tasks scheduled from follow-on schedule check
[2021-08-06 21:51:12,645] {local_task_job.py:149} INFO - Task exited with return code 0
