[2021-08-07 10:49:36,456] {taskinstance.py:896} INFO - Dependencies all met for <TaskInstance: popula_bd.popula_adult 2021-08-07T13:49:24.949561+00:00 [queued]>
[2021-08-07 10:49:36,458] {taskinstance.py:896} INFO - Dependencies all met for <TaskInstance: popula_bd.popula_adult 2021-08-07T13:49:24.949561+00:00 [queued]>
[2021-08-07 10:49:36,458] {taskinstance.py:1087} INFO - 
--------------------------------------------------------------------------------
[2021-08-07 10:49:36,458] {taskinstance.py:1088} INFO - Starting attempt 1 of 1
[2021-08-07 10:49:36,458] {taskinstance.py:1089} INFO - 
--------------------------------------------------------------------------------
[2021-08-07 10:49:36,463] {taskinstance.py:1107} INFO - Executing <Task(PythonOperator): popula_adult> on 2021-08-07T13:49:24.949561+00:00
[2021-08-07 10:49:36,464] {standard_task_runner.py:52} INFO - Started process 1108 to run task
[2021-08-07 10:49:36,466] {standard_task_runner.py:76} INFO - Running: ['airflow', 'tasks', 'run', 'popula_bd', 'popula_adult', '2021-08-07T13:49:24.949561+00:00', '--job-id', '934', '--pool', 'default_pool', '--raw', '--subdir', 'DAGS_FOLDER/popula.py', '--cfg-path', '/tmp/tmpttk45ftg', '--error-file', '/tmp/tmpypt6f34i']
[2021-08-07 10:49:36,466] {standard_task_runner.py:77} INFO - Job 934: Subtask popula_adult
[2021-08-07 10:49:36,476] {logging_mixin.py:104} INFO - Running <TaskInstance: popula_bd.popula_adult 2021-08-07T13:49:24.949561+00:00 [running]> on host DESKTOP-BEFA8CP.localdomain
[2021-08-07 10:49:36,490] {taskinstance.py:1300} INFO - Exporting the following env vars:
AIRFLOW_CTX_DAG_EMAIL=vh15fleury@hotmail.com
AIRFLOW_CTX_DAG_OWNER=victor hugo
AIRFLOW_CTX_DAG_ID=popula_bd
AIRFLOW_CTX_TASK_ID=popula_adult
AIRFLOW_CTX_EXECUTION_DATE=2021-08-07T13:49:24.949561+00:00
AIRFLOW_CTX_DAG_RUN_ID=scheduled__2021-08-07T13:49:24.949561+00:00
[2021-08-07 10:49:36,498] {python.py:151} INFO - Done. Returned value was: None
[2021-08-07 10:49:36,499] {taskinstance.py:1204} INFO - Marking task as SUCCESS. dag_id=popula_bd, task_id=popula_adult, execution_date=20210807T134924, start_date=20210807T134936, end_date=20210807T134936
[2021-08-07 10:49:36,506] {taskinstance.py:1265} INFO - 0 downstream tasks scheduled from follow-on schedule check
[2021-08-07 10:49:36,518] {local_task_job.py:149} INFO - Task exited with return code 0
