[2021-08-08 17:01:06,590] {taskinstance.py:896} INFO - Dependencies all met for <TaskInstance: popula_bd.verifica_arquivo 2021-08-08T20:00:54.853278+00:00 [queued]>
[2021-08-08 17:01:06,593] {taskinstance.py:896} INFO - Dependencies all met for <TaskInstance: popula_bd.verifica_arquivo 2021-08-08T20:00:54.853278+00:00 [queued]>
[2021-08-08 17:01:06,593] {taskinstance.py:1087} INFO - 
--------------------------------------------------------------------------------
[2021-08-08 17:01:06,593] {taskinstance.py:1088} INFO - Starting attempt 1 of 2
[2021-08-08 17:01:06,593] {taskinstance.py:1089} INFO - 
--------------------------------------------------------------------------------
[2021-08-08 17:01:06,597] {taskinstance.py:1107} INFO - Executing <Task(PythonOperator): verifica_arquivo> on 2021-08-08T20:00:54.853278+00:00
[2021-08-08 17:01:06,598] {standard_task_runner.py:52} INFO - Started process 18184 to run task
[2021-08-08 17:01:06,599] {standard_task_runner.py:76} INFO - Running: ['airflow', 'tasks', 'run', 'popula_bd', 'verifica_arquivo', '2021-08-08T20:00:54.853278+00:00', '--job-id', '102', '--pool', 'default_pool', '--raw', '--subdir', 'DAGS_FOLDER/popula.py', '--cfg-path', '/tmp/tmpqlxwcohl', '--error-file', '/tmp/tmpoq81n2ce']
[2021-08-08 17:01:06,600] {standard_task_runner.py:77} INFO - Job 102: Subtask verifica_arquivo
[2021-08-08 17:01:06,610] {logging_mixin.py:104} INFO - Running <TaskInstance: popula_bd.verifica_arquivo 2021-08-08T20:00:54.853278+00:00 [running]> on host DESKTOP-BEFA8CP.localdomain
[2021-08-08 17:01:06,624] {taskinstance.py:1300} INFO - Exporting the following env vars:
AIRFLOW_CTX_DAG_EMAIL=vh15fleury@hotmail.com
AIRFLOW_CTX_DAG_OWNER=victor hugo
AIRFLOW_CTX_DAG_ID=popula_bd
AIRFLOW_CTX_TASK_ID=verifica_arquivo
AIRFLOW_CTX_EXECUTION_DATE=2021-08-08T20:00:54.853278+00:00
AIRFLOW_CTX_DAG_RUN_ID=scheduled__2021-08-08T20:00:54.853278+00:00
[2021-08-08 17:01:06,642] {python.py:151} INFO - Done. Returned value was: None
[2021-08-08 17:01:06,644] {taskinstance.py:1204} INFO - Marking task as SUCCESS. dag_id=popula_bd, task_id=verifica_arquivo, execution_date=20210808T200054, start_date=20210808T200106, end_date=20210808T200106
[2021-08-08 17:01:06,653] {taskinstance.py:1265} INFO - 1 downstream tasks scheduled from follow-on schedule check
[2021-08-08 17:01:06,691] {local_task_job.py:149} INFO - Task exited with return code 0
