[2021-08-07 12:26:45,705] {taskinstance.py:896} INFO - Dependencies all met for <TaskInstance: popula_bd.popula_adult 2021-08-07T15:26:34.788321+00:00 [queued]>
[2021-08-07 12:26:45,707] {taskinstance.py:896} INFO - Dependencies all met for <TaskInstance: popula_bd.popula_adult 2021-08-07T15:26:34.788321+00:00 [queued]>
[2021-08-07 12:26:45,707] {taskinstance.py:1087} INFO - 
--------------------------------------------------------------------------------
[2021-08-07 12:26:45,707] {taskinstance.py:1088} INFO - Starting attempt 1 of 1
[2021-08-07 12:26:45,707] {taskinstance.py:1089} INFO - 
--------------------------------------------------------------------------------
[2021-08-07 12:26:45,711] {taskinstance.py:1107} INFO - Executing <Task(PythonOperator): popula_adult> on 2021-08-07T15:26:34.788321+00:00
[2021-08-07 12:26:45,713] {standard_task_runner.py:52} INFO - Started process 9716 to run task
[2021-08-07 12:26:45,714] {standard_task_runner.py:76} INFO - Running: ['airflow', 'tasks', 'run', 'popula_bd', 'popula_adult', '2021-08-07T15:26:34.788321+00:00', '--job-id', '1512', '--pool', 'default_pool', '--raw', '--subdir', 'DAGS_FOLDER/popula.py', '--cfg-path', '/tmp/tmp2mk96src', '--error-file', '/tmp/tmp91paym04']
[2021-08-07 12:26:45,714] {standard_task_runner.py:77} INFO - Job 1512: Subtask popula_adult
[2021-08-07 12:26:45,726] {logging_mixin.py:104} INFO - Running <TaskInstance: popula_bd.popula_adult 2021-08-07T15:26:34.788321+00:00 [running]> on host DESKTOP-BEFA8CP.localdomain
[2021-08-07 12:26:45,747] {taskinstance.py:1300} INFO - Exporting the following env vars:
AIRFLOW_CTX_DAG_EMAIL=vh15fleury@hotmail.com
AIRFLOW_CTX_DAG_OWNER=victor hugo
AIRFLOW_CTX_DAG_ID=popula_bd
AIRFLOW_CTX_TASK_ID=popula_adult
AIRFLOW_CTX_EXECUTION_DATE=2021-08-07T15:26:34.788321+00:00
AIRFLOW_CTX_DAG_RUN_ID=scheduled__2021-08-07T15:26:34.788321+00:00
[2021-08-07 12:26:45,757] {python.py:151} INFO - Done. Returned value was: None
[2021-08-07 12:26:45,759] {taskinstance.py:1204} INFO - Marking task as SUCCESS. dag_id=popula_bd, task_id=popula_adult, execution_date=20210807T152634, start_date=20210807T152645, end_date=20210807T152645
[2021-08-07 12:26:45,767] {taskinstance.py:1265} INFO - 0 downstream tasks scheduled from follow-on schedule check
[2021-08-07 12:26:45,806] {local_task_job.py:149} INFO - Task exited with return code 0
