[2021-08-06 22:24:53,609] {taskinstance.py:896} INFO - Dependencies all met for <TaskInstance: popula_bd.popula_adult 2021-08-07T01:24:42.958506+00:00 [queued]>
[2021-08-06 22:24:53,611] {taskinstance.py:896} INFO - Dependencies all met for <TaskInstance: popula_bd.popula_adult 2021-08-07T01:24:42.958506+00:00 [queued]>
[2021-08-06 22:24:53,611] {taskinstance.py:1087} INFO - 
--------------------------------------------------------------------------------
[2021-08-06 22:24:53,611] {taskinstance.py:1088} INFO - Starting attempt 1 of 1
[2021-08-06 22:24:53,611] {taskinstance.py:1089} INFO - 
--------------------------------------------------------------------------------
[2021-08-06 22:24:53,615] {taskinstance.py:1107} INFO - Executing <Task(PythonOperator): popula_adult> on 2021-08-07T01:24:42.958506+00:00
[2021-08-06 22:24:53,617] {standard_task_runner.py:52} INFO - Started process 10839 to run task
[2021-08-06 22:24:53,618] {standard_task_runner.py:76} INFO - Running: ['airflow', 'tasks', 'run', 'popula_bd', 'popula_adult', '2021-08-07T01:24:42.958506+00:00', '--job-id', '611', '--pool', 'default_pool', '--raw', '--subdir', 'DAGS_FOLDER/popula.py', '--cfg-path', '/tmp/tmp33qp5tfh', '--error-file', '/tmp/tmpngfufk4u']
[2021-08-06 22:24:53,619] {standard_task_runner.py:77} INFO - Job 611: Subtask popula_adult
[2021-08-06 22:24:53,628] {logging_mixin.py:104} INFO - Running <TaskInstance: popula_bd.popula_adult 2021-08-07T01:24:42.958506+00:00 [running]> on host DESKTOP-BEFA8CP.localdomain
[2021-08-06 22:24:53,643] {taskinstance.py:1300} INFO - Exporting the following env vars:
AIRFLOW_CTX_DAG_EMAIL=vh15fleury@hotmail.com
AIRFLOW_CTX_DAG_OWNER=victor hugo
AIRFLOW_CTX_DAG_ID=popula_bd
AIRFLOW_CTX_TASK_ID=popula_adult
AIRFLOW_CTX_EXECUTION_DATE=2021-08-07T01:24:42.958506+00:00
AIRFLOW_CTX_DAG_RUN_ID=scheduled__2021-08-07T01:24:42.958506+00:00
[2021-08-06 22:24:53,651] {python.py:151} INFO - Done. Returned value was: None
[2021-08-06 22:24:53,653] {taskinstance.py:1204} INFO - Marking task as SUCCESS. dag_id=popula_bd, task_id=popula_adult, execution_date=20210807T012442, start_date=20210807T012453, end_date=20210807T012453
[2021-08-06 22:24:53,658] {taskinstance.py:1265} INFO - 0 downstream tasks scheduled from follow-on schedule check
[2021-08-06 22:24:53,670] {local_task_job.py:149} INFO - Task exited with return code 0
